SF:src/InterestRate.sol
FN:126,InterestRate._packCollateralConfig
FNDA:0,InterestRate._packCollateralConfig
DA:134,0
BRDA:134,0,0,-
BRDA:134,0,1,-
DA:136,0
DA:138,0
DA:146,0
FN:155,InterestRate._unpackCollateralConfig
FNDA:8721,InterestRate._unpackCollateralConfig
DA:156,8721
BRDA:156,1,0,-
BRDA:156,1,1,8721
DA:158,8721
DA:159,8721
DA:161,8721
BRDA:161,2,0,2907
BRDA:161,2,1,5814
DA:162,2907
DA:163,2907
DA:164,5814
BRDA:164,3,0,2907
BRDA:164,3,1,2907
DA:165,2907
DA:166,2907
DA:167,2907
BRDA:167,4,0,2907
BRDA:167,4,1,-
DA:168,2907
DA:169,2907
DA:170,0
BRDA:170,5,0,-
BRDA:170,5,1,-
DA:171,0
DA:172,0
DA:173,0
BRDA:173,6,0,-
BRDA:173,6,1,-
DA:174,0
DA:175,0
DA:176,0
BRDA:176,7,0,-
BRDA:176,7,1,-
DA:177,0
DA:178,0
DA:179,0
BRDA:179,8,0,-
BRDA:179,8,1,-
DA:180,0
DA:181,0
DA:182,0
BRDA:182,9,0,-
BRDA:182,9,1,-
DA:183,0
DA:184,0
DA:187,8721
DA:188,8721
DA:189,8721
DA:190,8721
DA:191,8721
DA:192,8721
DA:193,8721
DA:194,8721
DA:195,8721
DA:197,8721
DA:198,8721
DA:199,8721
DA:200,8721
DA:201,8721
DA:202,8721
DA:204,8721
FN:223,InterestRate.calculateInterestRate
FNDA:8646,InterestRate.calculateInterestRate
DA:233,8646
DA:235,8646
DA:236,8646
DA:237,8646
DA:239,8646
DA:241,8646
DA:243,8646
DA:247,8646
DA:251,8646
DA:252,8646
DA:254,8646
BRDA:254,10,0,-
BRDA:254,10,1,8475
DA:255,8475
DA:256,8475
DA:258,8475
BRDA:258,11,0,-
BRDA:258,11,1,8475
DA:259,0
DA:261,8475
DA:264,171
DA:266,171
DA:267,171
DA:268,171
DA:269,171
DA:272,171
DA:273,171
DA:274,171
DA:275,171
DA:277,171
BRDA:277,12,0,-
BRDA:277,12,1,171
DA:278,0
DA:280,171
FNF:3
FNH:2
LF:75
LH:54
BRF:26
BRH:9
end_of_record
SF:src/IonPool.sol
FN:142,IonPool._getIonPoolStorage
FNDA:585680,IonPool._getIonPoolStorage
DA:144,585680
FN:152,IonPool.initialize
FNDA:25,IonPool.initialize
DA:164,0
DA:165,0
DA:167,0
DA:169,0
DA:170,0
FN:175,IonPool.initializeIlk
FNDA:4,IonPool.initializeIlk
DA:176,3
DA:178,3
BRDA:178,0,0,1
BRDA:178,0,1,2
DA:179,2
BRDA:179,1,0,1
BRDA:179,1,1,1
DA:183,1
DA:184,1
DA:185,1
DA:186,1
DA:188,1
DA:190,1
DA:192,1
FN:195,IonPool.updateIlkSpot
FNDA:6,IonPool.updateIlkSpot
DA:196,3
DA:198,3
DA:200,3
FN:203,IonPool.updateIlkDebtCeiling
FNDA:2313,IonPool.updateIlkDebtCeiling
DA:204,2310
DA:206,2310
DA:208,2310
FN:211,IonPool.updateIlkDust
FNDA:10,IonPool.updateIlkDust
DA:212,7
DA:214,7
DA:216,7
FN:219,IonPool.updateSupplyCap
FNDA:513,IonPool.updateSupplyCap
DA:220,513
DA:222,513
DA:224,513
FN:227,IonPool.updateInterestRateModule
FNDA:5,IonPool.updateInterestRateModule
DA:228,4
BRDA:228,2,0,1
BRDA:228,2,1,3
DA:230,3
DA:233,3
BRDA:233,3,0,1
BRDA:233,3,1,1
DA:234,1
DA:236,1
DA:238,1
FN:241,IonPool.updateWhitelist
FNDA:3,IonPool.updateWhitelist
DA:242,2
BRDA:242,4,0,1
BRDA:242,4,1,1
DA:244,1
DA:246,1
DA:248,1
FN:256,IonPool.pauseUnsafeActions
FNDA:5,IonPool.pauseUnsafeActions
DA:257,4
FN:263,IonPool.unpauseUnsafeActions
FNDA:3,IonPool.unpauseUnsafeActions
DA:264,2
FN:278,IonPool.pauseSafeActions
FNDA:5,IonPool.pauseSafeActions
DA:279,4
DA:280,3
FN:290,IonPool.unpauseSafeActions
FNDA:3,IonPool.unpauseSafeActions
DA:291,2
DA:292,1
DA:294,1
DA:295,1
DA:297,3
DA:300,3
FN:306,IonPool.accrueInterest
FNDA:1,IonPool.accrueInterest
DA:307,0
FN:310,IonPool._accrueInterest
FNDA:4106,IonPool._accrueInterest
DA:316,4106
BRDA:316,5,0,4103
BRDA:316,5,1,4106
DA:317,4103
DA:319,4103
DA:320,4103
DA:322,4103
DA:324,4103
DA:325,4103
DA:326,12309
DA:332,12309
DA:334,12309
BRDA:334,6,0,-
BRDA:334,6,1,-
DA:335,0
DA:336,0
DA:337,0
DA:338,0
DA:340,0
DA:341,0
DA:345,12309
DA:348,4103
DA:349,4103
FN:352,IonPool._accrueInterestForIlk
FNDA:23588,IonPool._accrueInterestForIlk
DA:353,23588
DA:359,23588
DA:361,23588
DA:363,23588
BRDA:363,7,0,-
BRDA:363,7,1,1617
DA:364,1617
DA:365,1617
DA:366,1617
DA:367,1617
DA:369,1617
DA:370,1617
FN:374,IonPool._calculateRewardAndDebtDistribution
FNDA:40505,IonPool._calculateRewardAndDebtDistribution
DA:388,40505
DA:389,40505
DA:391,40505
DA:393,40505
BRDA:393,8,0,36467
BRDA:393,8,1,4038
DA:394,36467
DA:396,4038
DA:398,4038
DA:399,4038
DA:401,4038
BRDA:401,9,0,804
BRDA:401,9,1,3234
DA:403,3234
DA:406,3234
DA:409,3234
DA:411,3234
DA:414,3234
DA:417,3234
DA:422,3234
FN:426,IonPool.withdraw
FNDA:1027,IonPool.withdraw
DA:427,1026
DA:428,1026
DA:430,1026
DA:432,1026
FN:435,IonPool.supply
FNDA:3078,IonPool.supply
DA:444,3077
DA:445,3077
DA:447,3077
DA:448,3077
BRDA:448,10,0,513
BRDA:448,10,1,2564
DA:450,2564
FN:455,IonPool.borrow
FNDA:16958,IonPool.borrow
DA:466,16957
DA:467,16957
DA:469,15409
FN:472,IonPool.repay
FNDA:6632,IonPool.repay
DA:481,6631
DA:482,6631
DA:484,5860
FN:490,IonPool.withdrawCollateral
FNDA:4328,IonPool.withdrawCollateral
DA:499,4327
DA:501,3556
FN:507,IonPool.depositCollateral
FNDA:24424,IonPool.depositCollateral
DA:518,24423
DA:520,23652
FN:525,IonPool._modifyPosition
FNDA:52338,IonPool._modifyPosition
DA:536,52338
DA:538,52338
DA:540,52338
BRDA:540,11,0,-
BRDA:540,11,1,52338
DA:542,52338
DA:543,52338
DA:544,52338
DA:546,52338
DA:547,52338
DA:549,52338
DA:554,52338
DA:556,52338
BRDA:555,12,0,-
BRDA:555,12,1,3
DA:561,3
DA:562,52335
DA:565,52335
BRDA:564,13,0,771
BRDA:564,13,1,51564
DA:569,771
DA:572,51564
BRDA:572,14,0,1542
BRDA:572,14,1,50022
DA:573,1542
DA:577,50022
BRDA:577,15,0,771
BRDA:577,15,1,49251
DA:578,771
DA:586,49251
BRDA:586,16,0,771
BRDA:586,16,1,48480
DA:587,771
DA:591,48480
BRDA:591,17,0,-
BRDA:591,17,1,3
DA:592,3
DA:595,48477
DA:596,48477
DA:597,48477
DA:598,48477
DA:602,48477
FN:613,IonPool.repayBadDebt
FNDA:8,IonPool.repayBadDebt
DA:614,7
DA:616,7
DA:617,7
DA:618,7
DA:621,7
DA:623,7
FN:634,IonPool._transferWeth
FNDA:48484,IonPool._transferWeth
DA:635,48484
BRDA:635,18,0,18888
BRDA:635,18,1,48484
DA:636,18888
DA:638,18888
BRDA:638,19,0,2178
BRDA:638,19,1,4850
DA:640,4850
DA:641,4850
DA:642,4850
BRDA:642,20,0,2178
BRDA:642,20,1,4850
DA:644,4850
DA:645,4850
DA:648,14038
DA:650,14038
DA:652,14038
FN:662,IonPool.confiscateVault
FNDA:517,IonPool.confiscateVault
DA:673,517
DA:675,517
DA:676,517
DA:677,517
DA:679,517
DA:680,517
DA:681,517
DA:684,517
DA:686,517
DA:687,517
DA:688,517
DA:690,517
FN:702,IonPool.mintAndBurnGem
FNDA:27930,IonPool.mintAndBurnGem
DA:711,27928
DA:713,27928
DA:715,27928
FN:718,IonPool.transferGem
FNDA:2328,IonPool.transferGem
DA:719,2327
BRDA:719,21,0,771
BRDA:719,21,1,1556
DA:721,1556
DA:723,1556
DA:724,1556
DA:725,1556
FN:730,IonPool.ilkCount
FNDA:28783,IonPool.ilkCount
DA:731,28783
DA:732,28783
FN:735,IonPool.getIlkIndex
FNDA:75,IonPool.getIlkIndex
DA:736,75
DA:737,75
DA:741,75
FN:744,IonPool.getIlkAddress
FNDA:75,IonPool.getIlkAddress
DA:745,75
DA:746,75
FN:749,IonPool.addressContains
FNDA:75,IonPool.addressContains
DA:750,75
DA:751,75
FN:754,IonPool.addressesLength
FNDA:25,IonPool.addressesLength
DA:755,25
DA:756,25
FN:759,IonPool.totalNormalizedDebt
FNDA:14623,IonPool.totalNormalizedDebt
DA:760,14623
DA:761,14623
FN:764,IonPool.rate
FNDA:32402,IonPool.rate
DA:765,32402
DA:766,32402
FN:769,IonPool.lastRateUpdate
FNDA:1,IonPool.lastRateUpdate
DA:770,1
DA:771,1
FN:774,IonPool.spot
FNDA:3922,IonPool.spot
DA:775,3922
DA:776,3922
FN:779,IonPool.debtCeiling
FNDA:79,IonPool.debtCeiling
DA:780,79
DA:781,79
FN:784,IonPool.dust
FNDA:599,IonPool.dust
DA:785,599
DA:786,599
FN:789,IonPool.collateral
FNDA:33410,IonPool.collateral
DA:790,33410
DA:791,33410
FN:794,IonPool.normalizedDebt
FNDA:26974,IonPool.normalizedDebt
DA:795,26974
DA:796,26974
FN:799,IonPool.gem
FNDA:20341,IonPool.gem
DA:800,20341
DA:801,20341
FN:804,IonPool.unbackedDebt
FNDA:256,IonPool.unbackedDebt
DA:805,256
DA:806,256
FN:809,IonPool.isOperator
FNDA:2,IonPool.isOperator
DA:810,2
DA:811,2
FN:814,IonPool.isAllowed
FNDA:0,IonPool.isAllowed
DA:815,153164
DA:817,153164
FN:820,IonPool.debt
FNDA:0,IonPool.debt
DA:821,0
DA:822,0
FN:825,IonPool.totalUnbackedDebt
FNDA:0,IonPool.totalUnbackedDebt
DA:826,0
DA:827,0
FN:830,IonPool.interestRateModule
FNDA:1,IonPool.interestRateModule
DA:831,1
DA:832,1
FN:835,IonPool.whitelist
FNDA:1,IonPool.whitelist
DA:836,1
DA:837,1
FN:840,IonPool.weth
FNDA:28735,IonPool.weth
DA:841,28735
DA:842,28735
FN:845,IonPool.getCurrentBorrowRate
FNDA:4608,IonPool.getCurrentBorrowRate
DA:846,4608
DA:848,4608
DA:849,4608
DA:850,4608
DA:852,4608
DA:854,4608
DA:855,4608
FN:858,IonPool.calculateRewardAndDebtDistribution
FNDA:4608,IonPool.calculateRewardAndDebtDistribution
DA:869,4608
FN:872,IonPool.implementation
FNDA:25,IonPool.implementation
DA:873,25
FN:878,IonPool.addOperator
FNDA:11577,IonPool.addOperator
DA:879,11577
DA:881,11577
DA:883,11577
FN:886,IonPool.removeOperator
FNDA:1,IonPool.removeOperator
DA:887,1
DA:889,1
DA:891,1
FN:896,IonPool._add
FNDA:235226,IonPool._add
DA:899,235226
DA:901,235226
BRDA:901,22,0,36
BRDA:901,22,1,235190
DA:902,235190
BRDA:902,23,0,20
BRDA:902,23,1,235170
FN:905,IonPool._sub
FNDA:50284,IonPool._sub
DA:908,50284
DA:910,50284
BRDA:910,24,0,79
BRDA:910,24,1,50205
DA:911,50205
BRDA:911,25,0,22
BRDA:911,25,1,50183
FN:924,IonPool._rpow
FNDA:3234,IonPool._rpow
FN:957,IonPool.either
FNDA:257063,IonPool.either
DA:959,257063
FN:963,IonPool.both
FNDA:303990,IonPool.both
DA:965,303990
FNF:61
FNH:58
LF:246
LH:230
BRF:52
BRH:46
end_of_record
SF:src/Liquidation.sol
FN:77,Liquidation._getExchangeRateAndLiquidationThreshold
FNDA:520,Liquidation._getExchangeRateAndLiquidationThreshold
DA:82,520
DA:83,520
BRDA:83,0,0,520
BRDA:83,0,1,-
DA:84,520
DA:85,520
DA:86,0
BRDA:86,1,0,-
BRDA:86,1,1,-
DA:87,0
DA:88,0
DA:89,0
BRDA:89,2,0,-
BRDA:89,2,1,-
DA:90,0
DA:91,0
DA:94,520
DA:95,520
FN:108,Liquidation._getRepayAmt
FNDA:517,Liquidation._getRepayAmt
DA:125,517
DA:126,517
DA:127,517
FN:143,Liquidation.liquidate
FNDA:520,Liquidation.liquidate
DA:152,520
DA:156,520
DA:157,520
DA:158,520
DA:159,520
DA:161,520
DA:163,520
BRDA:163,3,0,1
BRDA:163,3,1,519
DA:164,1
DA:166,519
BRDA:166,4,0,-
BRDA:166,4,1,519
DA:167,0
DA:177,519
DA:183,519
DA:184,519
BRDA:184,5,0,2
BRDA:184,5,1,517
DA:185,2
DA:188,517
DA:189,517
DA:191,517
DA:193,517
DA:216,517
BRDA:216,6,0,-
BRDA:216,6,1,510
DA:218,510
DA:219,510
DA:220,510
DA:229,510
DA:230,7
BRDA:230,7,0,1
BRDA:230,7,1,6
DA:232,1
DA:233,1
DA:234,1
DA:235,6
BRDA:235,8,0,-
BRDA:235,8,1,6
DA:237,6
DA:238,6
DA:241,6
DA:250,7
DA:251,7
DA:254,7
DA:256,7
DA:259,7
DA:263,7
DA:265,7
DA:267,7
DA:269,7
FNF:3
FNH:3
LF:55
LH:48
BRF:18
BRH:10
end_of_record
SF:src/Whitelist.sol
FN:31,Whitelist.updateBorrowersRoot
FNDA:7,Whitelist.updateBorrowersRoot
DA:32,7
FN:35,Whitelist.updateLendersRoot
FNDA:4,Whitelist.updateLendersRoot
DA:36,4
FN:39,Whitelist.approveProtocolWhitelist
FNDA:4,Whitelist.approveProtocolWhitelist
DA:40,4
FN:43,Whitelist.revokeProtocolWhitelist
FNDA:2,Whitelist.revokeProtocolWhitelist
DA:44,2
FN:51,Whitelist.isWhitelistedBorrower
FNDA:10,Whitelist.isWhitelistedBorrower
DA:60,10
BRDA:60,0,0,2
BRDA:60,0,1,8
DA:61,8
DA:62,8
BRDA:62,1,0,4
BRDA:62,1,1,4
DA:63,4
DA:64,4
BRDA:64,2,0,1
BRDA:64,2,1,3
DA:65,1
DA:67,3
FN:75,Whitelist.isWhitelistedLender
FNDA:10,Whitelist.isWhitelistedLender
DA:76,10
BRDA:76,3,0,2
BRDA:76,3,1,8
DA:77,8
DA:78,8
BRDA:78,4,0,1
BRDA:78,4,1,7
DA:79,7
DA:80,7
BRDA:80,5,0,3
BRDA:80,5,1,4
DA:81,3
DA:83,4
FNF:6
FNH:6
LF:18
LH:18
BRF:12
BRH:12
end_of_record
SF:src/YieldOracle.sol
FN:69,YieldOracle.updateAll
FNDA:14,YieldOracle.updateAll
DA:70,14
BRDA:70,0,0,1
BRDA:70,0,1,13
DA:72,13
DA:73,13
DA:75,13
DA:76,35
DA:77,35
DA:79,35
BRDA:79,1,0,2
BRDA:79,1,1,33
DA:81,33
DA:84,33
DA:85,33
DA:88,33
DA:90,33
DA:93,33
DA:97,11
DA:99,11
FN:103,YieldOracle._getExchangeRate
FNDA:35,YieldOracle._getExchangeRate
DA:104,35
BRDA:104,2,0,-
BRDA:104,2,1,13
DA:105,13
DA:106,13
DA:107,22
BRDA:107,3,0,-
BRDA:107,3,1,11
DA:109,11
DA:110,11
DA:111,11
DA:113,11
DA:114,11
FN:119,YieldOracle._computeStaderExchangeRate
FNDA:11,YieldOracle._computeStaderExchangeRate
DA:127,11
BRDA:127,4,0,-
BRDA:127,4,1,11
DA:129,11
FNF:3
FNH:3
LF:26
LH:26
BRF:10
BRH:7
end_of_record
SF:src/admin/IonPausableUpgradeable.sol
FN:33,IonPausableUpgradeable._getIonPausableStorage
FNDA:90896,IonPausableUpgradeable._getIonPausableStorage
DA:35,90896
FN:79,IonPausableUpgradeable.paused
FNDA:56,IonPausableUpgradeable.paused
DA:80,90888
DA:81,90888
FN:87,IonPausableUpgradeable._requireNotPaused
FNDA:86722,IonPausableUpgradeable._requireNotPaused
DA:88,86722
BRDA:88,0,0,12
BRDA:88,0,1,86710
FN:94,IonPausableUpgradeable._requirePaused
FNDA:4,IonPausableUpgradeable._requirePaused
DA:95,4
BRDA:95,1,0,2
BRDA:95,1,1,2
FN:105,IonPausableUpgradeable._pause
FNDA:8,IonPausableUpgradeable._pause
DA:106,6
DA:107,6
DA:108,6
FN:118,IonPausableUpgradeable._unpause
FNDA:4,IonPausableUpgradeable._unpause
DA:119,2
DA:120,2
DA:121,2
FNF:6
FNH:6
LF:11
LH:11
BRF:4
BRH:4
end_of_record
SF:src/admin/ProxyAdmin.sol
FN:41,ProxyAdmin.upgradeAndCall
FNDA:0,ProxyAdmin.upgradeAndCall
DA:51,0
FNF:1
FNH:0
LF:1
LH:0
BRF:0
BRH:0
end_of_record
SF:src/admin/TransparentUpgradeableProxy.sol
FN:89,TransparentUpgradeableProxy._proxyAdmin
FNDA:0,TransparentUpgradeableProxy._proxyAdmin
DA:90,0
FN:96,TransparentUpgradeableProxy._fallback
FNDA:0,TransparentUpgradeableProxy._fallback
DA:97,0
BRDA:97,0,0,-
BRDA:97,0,1,-
DA:98,0
BRDA:98,1,0,-
BRDA:98,1,1,-
DA:99,0
DA:101,0
DA:104,0
FN:115,TransparentUpgradeableProxy._dispatchUpgradeToAndCall
FNDA:0,TransparentUpgradeableProxy._dispatchUpgradeToAndCall
DA:116,0
DA:117,0
FNF:3
FNH:0
LF:8
LH:0
BRF:4
BRH:0
end_of_record
SF:src/flash/handlers/EthXHandler.sol
FN:40,EthXHandler._depositWethForLst
FNDA:812,EthXHandler._depositWethForLst
DA:41,812
DA:42,812
FNF:1
FNH:1
LF:2
LH:2
BRF:0
BRH:0
end_of_record
SF:src/flash/handlers/SwEthHandler.sol
FN:34,SwEthHandler._depositWethForLst
FNDA:790,SwEthHandler._depositWethForLst
DA:35,790
DA:36,790
FNF:1
FNH:1
LF:2
LH:2
BRF:0
BRH:0
end_of_record
SF:src/flash/handlers/WstEthHandler.sol
FN:34,WstEthHandler._depositWethForLst
FNDA:824,WstEthHandler._depositWethForLst
DA:35,824
DA:36,824
FNF:1
FNH:1
LF:2
LH:2
BRF:0
BRH:0
end_of_record
SF:src/flash/handlers/base/BalancerFlashloanDirectMintHandler.sol
FN:47,BalancerFlashloanDirectMintHandler.flashLeverageCollateral
FNDA:1542,BalancerFlashloanDirectMintHandler.flashLeverageCollateral
DA:54,1542
DA:56,1542
DA:58,1542
DA:59,1542
DA:61,1542
DA:62,1542
DA:65,1542
DA:67,1542
DA:74,1542
FN:86,BalancerFlashloanDirectMintHandler.flashLeverageWeth
FNDA:1542,BalancerFlashloanDirectMintHandler.flashLeverageWeth
DA:94,1542
DA:96,1542
DA:97,1542
DA:99,1542
DA:100,1542
DA:102,1542
DA:104,1542
DA:111,1542
FN:127,BalancerFlashloanDirectMintHandler.receiveFlashLoan
FNDA:3108,BalancerFlashloanDirectMintHandler.receiveFlashLoan
DA:136,3108
BRDA:136,0,0,6
BRDA:136,0,1,3102
DA:137,3102
BRDA:137,1,0,6
BRDA:137,1,1,3096
DA:138,3096
BRDA:138,2,0,12
BRDA:138,2,1,3084
DA:140,3084
DA:141,3084
DA:142,3084
DA:144,3084
BRDA:144,3,0,658
BRDA:144,3,1,2426
DA:146,658
DA:147,658
DA:151,2426
BRDA:151,4,0,-
BRDA:151,4,1,1205
DA:152,1205
DA:155,1205
BRDA:155,5,0,-
BRDA:155,5,1,1205
DA:158,1205
DA:160,1205
DA:162,1221
BRDA:162,6,0,-
BRDA:162,6,1,1221
DA:165,1221
BRDA:165,7,0,-
BRDA:165,7,1,1221
DA:168,1221
DA:171,1221
DA:173,1221
FNF:3
FNH:3
LF:36
LH:36
BRF:16
BRH:12
end_of_record
SF:src/flash/handlers/base/IonHandlerBase.sol
FN:70,IonHandlerBase.depositAndBorrow
FNDA:4,IonHandlerBase.depositAndBorrow
DA:78,4
DA:79,4
FN:93,IonHandlerBase._depositAndBorrow
FNDA:6182,IonHandlerBase._depositAndBorrow
DA:102,6182
DA:104,6182
DA:106,6182
DA:108,6182
DA:109,6182
BRDA:109,0,0,4880
BRDA:109,0,1,1302
DA:110,4880
DA:112,1302
DA:115,6182
BRDA:115,1,0,-
BRDA:115,1,1,4884
DA:116,4884
FN:124,IonHandlerBase.repayAndWithdraw
FNDA:2,IonHandlerBase.repayAndWithdraw
DA:125,2
DA:126,2
FN:129,IonHandlerBase._repayAndWithdraw
FNDA:1243,IonHandlerBase._repayAndWithdraw
DA:137,1243
DA:138,1243
DA:140,1243
DA:142,1243
DA:144,1243
FNF:4
FNH:4
LF:18
LH:18
BRF:4
BRH:3
end_of_record
SF:src/flash/handlers/base/UniswapFlashloanBalancerSwapHandler.sol
FN:62,UniswapFlashloanBalancerSwapHandler.flashLeverageWethAndSwap
FNDA:1032,UniswapFlashloanBalancerSwapHandler.flashLeverageWethAndSwap
DA:70,1032
DA:71,1032
DA:73,1032
BRDA:73,0,0,214
BRDA:73,0,1,818
DA:75,214
DA:76,214
DA:79,818
DA:81,818
DA:91,818
DA:98,818
DA:99,818
DA:100,818
DA:101,818
DA:102,818
DA:104,818
DA:105,818
DA:106,818
BRDA:106,1,0,-
BRDA:106,1,1,818
DA:107,818
DA:109,818
FN:112,UniswapFlashloanBalancerSwapHandler.flashDeleverageWethAndSwap
FNDA:516,UniswapFlashloanBalancerSwapHandler.flashDeleverageWethAndSwap
DA:113,516
BRDA:113,2,0,411
BRDA:113,2,1,514
DA:115,411
DA:116,411
DA:117,411
BRDA:117,3,0,-
BRDA:117,3,1,411
DA:118,411
DA:120,411
FN:162,UniswapFlashloanBalancerSwapHandler.uniswapV3FlashCallback
FNDA:1231,UniswapFlashloanBalancerSwapHandler.uniswapV3FlashCallback
DA:163,1231
BRDA:163,4,0,2
BRDA:163,4,1,1229
DA:165,1229
DA:167,1229
DA:174,1229
DA:176,1229
BRDA:176,5,0,-
BRDA:176,5,1,816
DA:177,818
DA:179,818
DA:180,818
DA:181,818
DA:183,818
DA:184,818
BRDA:184,6,0,2
BRDA:184,6,1,816
DA:185,2
DA:188,816
DA:201,816
DA:204,816
BRDA:204,7,0,-
BRDA:204,7,1,816
DA:206,816
DA:207,816
DA:209,816
DA:212,411
DA:214,411
DA:221,411
DA:222,411
BRDA:222,8,0,2
BRDA:222,8,1,409
DA:223,2
DA:226,409
DA:228,409
DA:237,409
DA:239,409
FN:243,UniswapFlashloanBalancerSwapHandler._simulateGivenOutBalancerSwap
FNDA:1229,UniswapFlashloanBalancerSwapHandler._simulateGivenOutBalancerSwap
DA:252,1229
DA:253,1229
DA:255,1229
DA:263,1229
DA:264,1229
DA:265,1229
DA:267,1229
DA:268,1229
DA:270,1229
FNF:4
FNH:4
LF:60
LH:60
BRF:18
BRH:14
end_of_record
SF:src/flash/handlers/base/UniswapFlashswapHandler.sol
FN:83,UniswapFlashswapHandler.flashswapLeverage
FNDA:2064,UniswapFlashswapHandler.flashswapLeverage
DA:91,2064
DA:93,2064
DA:95,2064
BRDA:95,0,0,426
BRDA:95,0,1,1638
DA:97,426
DA:98,426
DA:104,1638
DA:106,1638
DA:112,1638
DA:113,1638
DA:116,1638
BRDA:116,1,0,4
BRDA:116,1,1,1634
DA:117,4
FN:129,UniswapFlashswapHandler.flashswapDeleverage
FNDA:1032,UniswapFlashswapHandler.flashswapDeleverage
DA:136,1032
BRDA:136,2,0,832
BRDA:136,2,1,1028
DA:139,832
DA:141,832
DA:142,832
DA:148,832
DA:149,832
DA:150,832
DA:152,832
DA:154,832
BRDA:154,3,0,4
BRDA:154,3,1,828
FN:157,UniswapFlashswapHandler._initiateFlashSwap
FNDA:2470,UniswapFlashswapHandler._initiateFlashSwap
DA:167,2470
DA:175,2470
DA:176,2470
DA:182,2470
BRDA:182,4,0,-
BRDA:182,4,1,2470
DA:183,0
FN:201,UniswapFlashswapHandler.uniswapV3SwapCallback
FNDA:2478,UniswapFlashswapHandler.uniswapV3SwapCallback
DA:202,2478
BRDA:202,5,0,4
BRDA:202,5,1,2474
DA:205,2474
BRDA:205,6,0,4
BRDA:205,6,1,2470
DA:206,2470
DA:208,2470
DA:209,2470
DA:211,2470
DA:215,2470
BRDA:215,7,0,1244
BRDA:215,7,1,2470
DA:216,1244
DA:217,1244
DA:220,2470
DA:221,2470
BRDA:221,8,0,1638
BRDA:221,8,1,832
DA:222,1638
DA:228,1638
DA:232,832
DA:236,832
DA:239,2470
FNF:4
FNH:4
LF:41
LH:40
BRF:18
BRH:17
end_of_record
SF:src/join/GemJoin.sol
FN:30,GemJoin.pause
FNDA:12,GemJoin.pause
DA:31,9
FN:34,GemJoin.unpause
FNDA:6,GemJoin.unpause
DA:35,3
FN:38,GemJoin.join
FNDA:26682,GemJoin.join
DA:39,26682
BRDA:39,0,0,3
BRDA:39,0,1,26679
DA:41,26679
DA:43,26679
DA:44,26679
FN:47,GemJoin.exit
FNDA:1249,GemJoin.exit
DA:48,1249
BRDA:48,1,0,3
BRDA:48,1,1,1246
DA:50,1246
DA:52,1246
DA:53,1246
FNF:4
FNH:4
LF:10
LH:10
BRF:4
BRH:4
end_of_record
SF:src/libraries/LidoLibrary.sol
FN:13,LidoLibrary.getEthAmountInForLstAmountOut
FNDA:0,LidoLibrary.getEthAmountInForLstAmountOut
DA:21,0
DA:22,0
FN:25,LidoLibrary.getLstAmountOutForEthAmountIn
FNDA:0,LidoLibrary.getLstAmountOutForEthAmountIn
DA:34,0
FN:37,LidoLibrary.depositForLst
FNDA:0,LidoLibrary.depositForLst
DA:38,0
DA:39,0
BRDA:39,0,0,-
BRDA:39,0,1,-
DA:41,0
FNF:3
FNH:0
LF:6
LH:0
BRF:2
BRH:0
end_of_record
SF:src/libraries/StaderLibrary.sol
FN:12,StaderLibrary.getEthAmountInForLstAmountOut
FNDA:0,StaderLibrary.getEthAmountInForLstAmountOut
DA:20,0
DA:21,0
FN:24,StaderLibrary.getLstAmountOutForEthAmountIn
FNDA:0,StaderLibrary.getLstAmountOutForEthAmountIn
DA:32,0
FN:35,StaderLibrary.depositForLst
FNDA:0,StaderLibrary.depositForLst
DA:36,0
FNF:3
FNH:0
LF:4
LH:0
BRF:0
BRH:0
end_of_record
SF:src/libraries/SwellLibrary.sol
FN:10,SwellLibrary.getEthAmountInForLstAmountOut
FNDA:0,SwellLibrary.getEthAmountInForLstAmountOut
DA:11,0
FN:14,SwellLibrary.getLstAmountOutForEthAmountIn
FNDA:0,SwellLibrary.getLstAmountOutForEthAmountIn
DA:16,0
FN:19,SwellLibrary.depositForLst
FNDA:0,SwellLibrary.depositForLst
DA:20,0
DA:21,0
FNF:3
FNH:0
LF:4
LH:0
BRF:0
BRH:0
end_of_record
SF:src/libraries/math/RoundedMath.sol
FN:19,RoundedMath.wadMulDown
FNDA:0,RoundedMath.wadMulDown
DA:20,0
FN:23,RoundedMath.wadMulUp
FNDA:0,RoundedMath.wadMulUp
DA:24,0
FN:27,RoundedMath.wadDivDown
FNDA:0,RoundedMath.wadDivDown
DA:28,0
FN:31,RoundedMath.wadDivUp
FNDA:0,RoundedMath.wadDivUp
DA:32,0
FN:35,RoundedMath.rayMulDown
FNDA:0,RoundedMath.rayMulDown
DA:36,0
FN:39,RoundedMath.rayMulUp
FNDA:0,RoundedMath.rayMulUp
DA:40,0
FN:43,RoundedMath.rayDivDown
FNDA:0,RoundedMath.rayDivDown
DA:44,0
FN:47,RoundedMath.rayDivUp
FNDA:0,RoundedMath.rayDivUp
DA:48,0
FN:51,RoundedMath.radMulDown
FNDA:0,RoundedMath.radMulDown
DA:52,0
FN:55,RoundedMath.radMulUp
FNDA:0,RoundedMath.radMulUp
DA:56,0
FN:59,RoundedMath.radDivDown
FNDA:0,RoundedMath.radDivDown
DA:60,0
FN:63,RoundedMath.radDivUp
FNDA:0,RoundedMath.radDivUp
DA:64,0
FN:69,RoundedMath.scaleUpToWad
FNDA:0,RoundedMath.scaleUpToWad
DA:70,0
FN:73,RoundedMath.scaleUpToRay
FNDA:0,RoundedMath.scaleUpToRay
DA:74,0
FN:77,RoundedMath.scaleUpToRad
FNDA:0,RoundedMath.scaleUpToRad
DA:78,0
FN:81,RoundedMath.scaleDownToWad
FNDA:0,RoundedMath.scaleDownToWad
DA:82,0
FN:85,RoundedMath.scaleDownToRay
FNDA:0,RoundedMath.scaleDownToRay
DA:86,0
FN:89,RoundedMath.scaleDownToRad
FNDA:0,RoundedMath.scaleDownToRad
DA:90,0
FN:93,RoundedMath.scaleUp
FNDA:0,RoundedMath.scaleUp
DA:94,0
BRDA:94,0,0,-
BRDA:94,0,1,-
DA:95,0
FN:98,RoundedMath.scaleDown
FNDA:0,RoundedMath.scaleDown
DA:99,0
BRDA:99,1,0,-
BRDA:99,1,1,-
DA:100,0
FNF:20
FNH:0
LF:22
LH:0
BRF:4
BRH:0
end_of_record
SF:src/oracles/reserve/EthXReserveOracle.sol
FN:34,EthXReserveOracle._getProtocolExchangeRate
FNDA:2,EthXReserveOracle._getProtocolExchangeRate
DA:35,2
DA:36,2
FNF:1
FNH:1
LF:2
LH:2
BRF:0
BRH:0
end_of_record
SF:src/oracles/reserve/ReserveOracle.sol
FN:40,ReserveOracle._min
FNDA:0,ReserveOracle._min
DA:41,6
FN:45,ReserveOracle._getProtocolExchangeRate
FNDA:0,ReserveOracle._getProtocolExchangeRate
FN:47,ReserveOracle.getProtocolExchangeRate
FNDA:3,ReserveOracle.getProtocolExchangeRate
DA:48,3
FN:72,ReserveOracle._aggregate
FNDA:6,ReserveOracle._aggregate
DA:73,6
BRDA:73,0,0,-
BRDA:73,0,1,6
DA:74,0
DA:75,6
BRDA:75,1,0,-
BRDA:75,1,1,1
DA:76,1
DA:77,5
BRDA:77,2,0,-
BRDA:77,2,1,3
DA:78,3
DA:79,3
DA:80,3
DA:81,2
BRDA:81,3,0,-
BRDA:81,3,1,2
DA:82,2
DA:83,2
DA:84,2
DA:85,2
FN:90,ReserveOracle.getExchangeRate
FNDA:6,ReserveOracle.getExchangeRate
DA:91,6
FNF:5
FNH:3
LF:16
LH:15
BRF:8
BRH:4
end_of_record
SF:src/oracles/reserve/StEthReserveOracle.sol
FN:38,StEthReserveOracle._getProtocolExchangeRate
FNDA:2,StEthReserveOracle._getProtocolExchangeRate
DA:39,2
DA:40,2
DA:41,2
DA:42,2
DA:43,2
FNF:1
FNH:1
LF:5
LH:5
BRF:0
BRH:0
end_of_record
SF:src/oracles/reserve/SwEthReserveOracle.sol
FN:26,SwEthReserveOracle._getProtocolExchangeRate
FNDA:5,SwEthReserveOracle._getProtocolExchangeRate
DA:27,5
FNF:1
FNH:1
LF:1
LH:1
BRF:0
BRH:0
end_of_record
SF:src/oracles/spot/EthXSpotOracle.sol
FN:36,EthXSpotOracle.getPrice
FNDA:2,EthXSpotOracle.getPrice
DA:39,3
DA:41,3
DA:43,3
FNF:1
FNH:1
LF:3
LH:3
BRF:0
BRH:0
end_of_record
SF:src/oracles/spot/SpotOracle.sol
FN:24,SpotOracle.getPrice
FNDA:0,SpotOracle.getPrice
FN:27,SpotOracle.getSpot
FNDA:56181,SpotOracle.getSpot
DA:28,56181
DA:29,56181
DA:30,56181
BRDA:30,0,0,-
BRDA:30,0,1,56181
FNF:2
FNH:1
LF:3
LH:3
BRF:2
BRH:1
end_of_record
SF:src/oracles/spot/StEthSpotOracle.sol
FN:30,StEthSpotOracle.getPrice
FNDA:2,StEthSpotOracle.getPrice
DA:32,3
DA:34,3
FNF:1
FNH:1
LF:2
LH:2
BRF:0
BRH:0
end_of_record
SF:src/oracles/spot/SwEthSpotOracle.sol
FN:24,SwEthSpotOracle.getPrice
FNDA:2,SwEthSpotOracle.getPrice
DA:25,3
DA:26,3
DA:28,3
DA:29,3
FN:32,SwEthSpotOracle._getPriceX96FromSqrtPriceX96
FNDA:3,SwEthSpotOracle._getPriceX96FromSqrtPriceX96
DA:33,3
FNF:2
FNH:2
LF:5
LH:5
BRF:0
BRH:0
end_of_record
SF:src/periphery/IonRegistry.sol
FN:19,IonRegistry.setGemJoin
FNDA:0,IonRegistry.setGemJoin
DA:20,0
FN:23,IonRegistry.setDepositContract
FNDA:0,IonRegistry.setDepositContract
DA:24,0
FNF:2
FNH:0
LF:2
LH:0
BRF:0
BRH:0
end_of_record
SF:src/periphery/IonZapper.sol
FN:25,IonZapper.zapSupply
FNDA:0,IonZapper.zapSupply
DA:26,0
DA:28,0
DA:29,0
FN:32,IonZapper.zapDepositWstEth
FNDA:0,IonZapper.zapDepositWstEth
FNF:2
FNH:0
LF:3
LH:0
BRF:0
BRH:0
end_of_record
SF:src/reward/RewardModule.sol
FN:86,RewardModule._getRewardModuleStorage
FNDA:100412,RewardModule._getRewardModuleStorage
DA:88,100412
FN:92,RewardModule.initialize
FNDA:9,RewardModule.initialize
DA:102,9
BRDA:102,0,0,3
BRDA:102,0,1,6
DA:103,6
BRDA:103,1,0,3
BRDA:103,1,1,3
DA:105,3
DA:107,3
DA:108,3
DA:109,3
DA:110,3
DA:111,3
DA:112,3
FN:121,RewardModule._burn
FNDA:1799,RewardModule._burn
DA:122,1799
DA:124,1799
DA:125,1799
DA:127,1799
BRDA:127,2,0,-
BRDA:127,2,1,1799
DA:128,1799
DA:130,1540
DA:132,1540
DA:133,1540
FN:141,RewardModule._burnNormalized
FNDA:1799,RewardModule._burnNormalized
DA:142,1799
DA:144,1799
BRDA:144,3,0,258
BRDA:144,3,1,1541
DA:146,1541
DA:147,1541
BRDA:147,4,0,1
BRDA:147,4,1,1540
DA:150,1540
DA:153,1540
FN:162,RewardModule._mint
FNDA:4365,RewardModule._mint
DA:163,4365
DA:165,4365
DA:166,4365
DA:167,4365
BRDA:167,5,0,2
BRDA:167,5,1,4363
DA:168,4363
DA:170,4106
DA:172,4106
DA:173,4106
FN:181,RewardModule._mintNormalized
FNDA:5024,RewardModule._mintNormalized
DA:182,5024
BRDA:182,6,0,257
BRDA:182,6,1,4767
DA:184,4767
DA:186,4767
DA:188,4767
FN:195,RewardModule._mintToTreasury
FNDA:5721,RewardModule._mintToTreasury
DA:196,5721
BRDA:196,7,0,661
BRDA:196,7,1,5721
DA:198,661
DA:200,661
DA:201,661
DA:207,661
DA:209,661
DA:210,661
FN:213,RewardModule._setSupplyFactor
FNDA:7516,RewardModule._setSupplyFactor
DA:214,7516
DA:215,7516
FN:220,RewardModule.underlying
FNDA:545,RewardModule.underlying
DA:221,19433
DA:222,19433
FN:225,RewardModule.decimals
FNDA:26,RewardModule.decimals
DA:226,26
DA:227,26
FN:234,RewardModule.balanceOf
FNDA:7952,RewardModule.balanceOf
DA:235,7952
DA:236,7952
FN:243,RewardModule.normalizedBalanceOf
FNDA:1029,RewardModule.normalizedBalanceOf
DA:244,1029
DA:245,1029
FN:248,RewardModule.name
FNDA:26,RewardModule.name
DA:249,26
DA:250,26
FN:253,RewardModule.symbol
FNDA:26,RewardModule.symbol
DA:254,26
DA:255,26
FN:258,RewardModule.treasury
FNDA:26,RewardModule.treasury
DA:259,26
DA:260,26
FN:266,RewardModule.totalSupply
FNDA:1281,RewardModule.totalSupply
DA:267,38188
DA:269,38188
DA:271,38188
BRDA:271,8,0,3328
BRDA:271,8,1,34860
DA:272,3328
DA:275,34860
FN:278,RewardModule.normalizedTotalSupply
FNDA:0,RewardModule.normalizedTotalSupply
DA:279,3234
DA:280,3234
FN:283,RewardModule.supplyFactor
FNDA:3842,RewardModule.supplyFactor
DA:284,9562
DA:285,9562
FNF:18
FNH:17
LF:68
LH:68
BRF:18
BRH:17
end_of_record
